2025-11-13 15:18:44,078 - INFO - Starting ML pipeline...
2025-11-13 15:18:44,439 - INFO - Loading dataset from iris.csv
2025-11-13 15:18:44,463 - INFO - Dataset loaded successfully with shape: (150, 5)
2025-11-13 15:18:44,463 - INFO - Starting data cleaning...
2025-11-13 15:18:44,467 - INFO - Handled missing values.
2025-11-13 15:18:44,468 - INFO - Data cleaning complete.
2025-11-13 15:18:44,468 - INFO - Splitting data into train/test sets...
2025-11-13 15:18:44,473 - INFO - Training data shape: (120, 4), Test data shape: (30, 4)
2025-11-13 15:18:44,477 - INFO - Feature scaling complete.
2025-11-13 15:18:44,478 - INFO - Training Logistic Regression model...
2025-11-13 15:18:44,492 - INFO - Model training complete.
2025-11-13 15:18:44,492 - INFO - Generating predictions...
2025-11-13 15:18:44,495 - INFO - Model Accuracy: 1.0000
2025-11-13 15:18:44,498 - INFO - Predictions saved to output/predictions.csv
2025-11-13 15:18:44,498 - INFO - Pipeline execution completed successfully!
2025-11-13 15:19:07,628 - INFO - Starting ML pipeline...
2025-11-13 15:19:07,917 - INFO - Loading dataset from iris.csv
2025-11-13 15:19:07,921 - INFO - Dataset loaded successfully with shape: (150, 5)
2025-11-13 15:19:07,922 - INFO - Starting data cleaning...
2025-11-13 15:19:07,924 - INFO - Handled missing values.
2025-11-13 15:19:07,925 - INFO - Data cleaning complete.
2025-11-13 15:19:07,925 - INFO - Splitting data into train/test sets...
2025-11-13 15:19:07,928 - INFO - Training data shape: (120, 4), Test data shape: (30, 4)
2025-11-13 15:19:07,931 - INFO - Feature scaling complete.
2025-11-13 15:19:07,931 - INFO - Training Logistic Regression model...
2025-11-13 15:19:07,939 - INFO - Model training complete.
2025-11-13 15:19:07,939 - INFO - Generating predictions...
2025-11-13 15:19:07,940 - INFO - Model Accuracy: 1.0000
2025-11-13 15:19:07,942 - INFO - Predictions saved to output/predictions.csv
2025-11-13 15:19:07,942 - INFO - Pipeline execution completed successfully!
